TN:
SF:F:\WEB\node\node\lesson6\main.js
FN:1,(anonymous_1)
FNF:1
FNH:1
FNDA:182,(anonymous_1)
DA:1,1
DA:2,182
DA:3,1
DA:5,181
DA:6,1
DA:8,180
DA:9,1
DA:11,179
DA:12,35
DA:13,144
DA:14,56
DA:15,88
DA:16,88
DA:20,1
DA:21,0
DA:22,0
DA:24,1
LF:17
LH:15
BRDA:2,1,0,1
BRDA:2,1,1,181
BRDA:5,2,0,1
BRDA:5,2,1,180
BRDA:8,3,0,1
BRDA:8,3,1,179
BRDA:11,4,0,35
BRDA:11,4,1,144
BRDA:13,5,0,56
BRDA:13,5,1,88
BRDA:15,6,0,88
BRDA:15,6,1,0
BRDA:15,7,0,88
BRDA:15,7,1,88
BRDA:20,8,0,0
BRDA:20,8,1,1
BRF:16
BRH:14
end_of_record
